0 info it worked if it ends with ok
1 verbose cli [ '/usr/bin/nodejs', '/usr/bin/npm', 'start' ]
2 info using npm@3.10.3
3 info using node@v6.3.0
4 verbose run-script [ 'prestart', 'start', 'poststart' ]
5 info lifecycle bem-module-loader@0.1.0~prestart: bem-module-loader@0.1.0
6 silly lifecycle bem-module-loader@0.1.0~prestart: no script for prestart, continuing
7 info lifecycle bem-module-loader@0.1.0~start: bem-module-loader@0.1.0
8 verbose lifecycle bem-module-loader@0.1.0~start: unsafe-perm in lifecycle true
9 verbose lifecycle bem-module-loader@0.1.0~start: PATH: /usr/lib/node_modules/npm/bin/node-gyp-bin:/home/dotintegral/workspace/js/bem-modules/node_modules/.bin:/usr/bin:/usr/local/sbin:/usr/local/bin:/usr/sbin:/usr/bin:/sbin:/bin:/usr/games:/usr/local/games:/snap/bin
10 verbose lifecycle bem-module-loader@0.1.0~start: CWD: /home/dotintegral/workspace/js/bem-modules
11 silly lifecycle bem-module-loader@0.1.0~start: Args: [ '-c', 'webpack' ]
12 silly lifecycle bem-module-loader@0.1.0~start: Returned: code: 255  signal: null
13 info lifecycle bem-module-loader@0.1.0~start: Failed to exec start script
14 verbose stack Error: bem-module-loader@0.1.0 start: `webpack`
14 verbose stack Exit status 255
14 verbose stack     at EventEmitter.<anonymous> (/usr/lib/node_modules/npm/lib/utils/lifecycle.js:242:16)
14 verbose stack     at emitTwo (events.js:106:13)
14 verbose stack     at EventEmitter.emit (events.js:191:7)
14 verbose stack     at ChildProcess.<anonymous> (/usr/lib/node_modules/npm/lib/utils/spawn.js:40:14)
14 verbose stack     at emitTwo (events.js:106:13)
14 verbose stack     at ChildProcess.emit (events.js:191:7)
14 verbose stack     at maybeClose (internal/child_process.js:852:16)
14 verbose stack     at Process.ChildProcess._handle.onexit (internal/child_process.js:215:5)
15 verbose pkgid bem-module-loader@0.1.0
16 verbose cwd /home/dotintegral/workspace/js/bem-modules/example
17 error Linux 4.4.0-31-generic
18 error argv "/usr/bin/nodejs" "/usr/bin/npm" "start"
19 error node v6.3.0
20 error npm  v3.10.3
21 error code ELIFECYCLE
22 error bem-module-loader@0.1.0 start: `webpack`
22 error Exit status 255
23 error Failed at the bem-module-loader@0.1.0 start script 'webpack'.
23 error Make sure you have the latest version of node.js and npm installed.
23 error If you do, this is most likely a problem with the bem-module-loader package,
23 error not with npm itself.
23 error Tell the author that this fails on your system:
23 error     webpack
23 error You can get information on how to open an issue for this project with:
23 error     npm bugs bem-module-loader
23 error Or if that isn't available, you can get their info via:
23 error     npm owner ls bem-module-loader
23 error There is likely additional logging output above.
24 verbose exit [ 1, true ]
